[INFO  - 2018-12-04T15:39:09.075Z] GhostDriver - Main - running on port 51065
[INFO  - 2018-12-04T15:39:09.400Z] Session [bdcb2b20-f7da-11e8-bd29-45661770ed38] - page.settings - {"XSSAuditingEnabled":false,"javascriptCanCloseWindows":true,"javascriptCanOpenWindows":true,"javascriptEnabled":true,"loadImages":true,"localToRemoteUrlAccessEnabled":false,"userAgent":"Mozilla/5.0 (Windows NT 6.1; WOW64) AppleWebKit/538.1 (KHTML, like Gecko) PhantomJS/2.1.1 Safari/538.1","webSecurityEnabled":true}
[INFO  - 2018-12-04T15:39:09.400Z] Session [bdcb2b20-f7da-11e8-bd29-45661770ed38] - page.customHeaders:  - {}
[INFO  - 2018-12-04T15:39:09.400Z] Session [bdcb2b20-f7da-11e8-bd29-45661770ed38] - Session.negotiatedCapabilities - {"browserName":"phantomjs","version":"2.1.1","driverName":"ghostdriver","driverVersion":"1.2.0","platform":"windows-7-32bit","javascriptEnabled":true,"takesScreenshot":true,"handlesAlerts":false,"databaseEnabled":false,"locationContextEnabled":false,"applicationCacheEnabled":false,"browserConnectionEnabled":false,"cssSelectorsEnabled":true,"webStorageEnabled":false,"rotatable":false,"acceptSslCerts":false,"nativeEvents":true,"proxy":{"proxyType":"direct"}}
[INFO  - 2018-12-04T15:39:09.401Z] SessionManagerReqHand - _postNewSessionCommand - New Session Created: bdcb2b20-f7da-11e8-bd29-45661770ed38
[ERROR - 2018-12-04T15:39:34.045Z] Session [bdcb2b20-f7da-11e8-bd29-45661770ed38] - page.onError - msg: ERROR Error: Uncaught (in promise): TypeError: undefined is not an object (evaluating 'n.policies')
https://wx.zsxq.com/dweb/6.a2cd461e1d099a6c3eb3.chunk.js:2:712405
invoke@https://wx.zsxq.com/dweb/polyfills.d0b75cc2a977bf2fc504.bundle.js:2:219335
onInvoke@https://wx.zsxq.com/dweb/main.02284f61452d683b6a80.bundle.js:2:40307
invoke@https://wx.zsxq.com/dweb/polyfills.d0b75cc2a977bf2fc504.bundle.js:2:219289
run@https://wx.zsxq.com/dweb/polyfills.d0b75cc2a977bf2fc504.bundle.js:2:143149
https://wx.zsxq.com/dweb/polyfills.d0b75cc2a977bf2fc504.bundle.js:2:149178
invokeTask@https://wx.zsxq.com/dweb/polyfills.d0b75cc2a977bf2fc504.bundle.js:2:219990
onInvokeTask@https://wx.zsxq.com/dweb/main.02284f61452d683b6a80.bundle.js:2:39651
invokeTask@https://wx.zsxq.com/dweb/polyfills.d0b75cc2a977bf2fc504.bundle.js:2:219933
runTask@https://wx.zsxq.com/dweb/polyfills.d0b75cc2a977bf2fc504.bundle.js:2:143755
g@https://wx.zsxq.com/dweb/polyfills.d0b75cc2a977bf2fc504.bundle.js:2:148202
invoke@https://wx.zsxq.com/dweb/polyfills.d0b75cc2a977bf2fc504.bundle.js:2:147498

  phantomjs://platform/console++.js:263 in error
[ERROR - 2018-12-04T15:39:34.045Z] Session [bdcb2b20-f7da-11e8-bd29-45661770ed38] - page.onError - stack:
  Ot (https://wx.zsxq.com/dweb/main.02284f61452d683b6a80.bundle.js:2)

  phantomjs://platform/console++.js:263 in error
